<?xml version="1.0" encoding="UTF-8"?>
<testsuite name="Find out SauceDemo official site" tests="1" skipped="0" failures="1" errors="0" timestamp="2025-11-16T04:15:56" hostname="DESKTOP-HE8JUG3" time="8.276">
  <properties/>
  <testcase name="Open the SauceDemo official site directly" classname="Find out SauceDemo official site" time="8.276">
    <failure message="io.cucumber.junit.UndefinedStepException: The step 'I am in the navigator' and 2 other step(s) are undefined.&#10;You can implement these steps using the snippet(s) below:&#10;&#10;@Given(&quot;I am in the navigator&quot;)&#10;public void iAmInTheNavigator() {&#10;    // Write code here that turns the phrase above into concrete actions&#10;    throw new io.cucumber.java.PendingException();&#10;}&#10;@When(&quot;I navigate to the SauceDemo official site&quot;)&#10;public void iNavigateToTheSauceDemoOfficialSite() {&#10;    // Write code here that turns the phrase above into concrete actions&#10;    throw new io.cucumber.java.PendingException();&#10;}&#10;@Then(&quot;I should see the SauceDemo login page&quot;)&#10;public void iShouldSeeTheSauceDemoLoginPage() {&#10;    // Write code here that turns the phrase above into concrete actions&#10;    throw new io.cucumber.java.PendingException();&#10;}&#10;" type="io.cucumber.junit.UndefinedStepException">io.cucumber.junit.UndefinedStepException: The step 'I am in the navigator' and 2 other step(s) are undefined.
You can implement these steps using the snippet(s) below:

@Given(&quot;I am in the navigator&quot;)
public void iAmInTheNavigator() {
    // Write code here that turns the phrase above into concrete actions
    throw new io.cucumber.java.PendingException();
}
@When(&quot;I navigate to the SauceDemo official site&quot;)
public void iNavigateToTheSauceDemoOfficialSite() {
    // Write code here that turns the phrase above into concrete actions
    throw new io.cucumber.java.PendingException();
}
@Then(&quot;I should see the SauceDemo login page&quot;)
public void iShouldSeeTheSauceDemoLoginPage() {
    // Write code here that turns the phrase above into concrete actions
    throw new io.cucumber.java.PendingException();
}

</failure>
  </testcase>
  <system-out><![CDATA[
Scenario: Open the SauceDemo official site directly ?[90m# features/access_saucedemo_official_site.feature:7?[0m
  ?[33mGiven ?[0m?[33mI am in the navigator?[0m
  ?[36mWhen ?[0m?[36mI navigate to the SauceDemo official site?[0m
  ?[36mThen ?[0m?[36mI should see the SauceDemo login page?[0m
]]></system-out>
  <system-err><![CDATA[[Test worker] INFO  - 
  _____   ___   ___   _____     ___   _____     _     ___   _____   ___   ___  
 |_   _| | __| / __| |_   _|   / __| |_   _|   /_\   | _ \ |_   _| | __| |   \ 
   | |   | _|  \__ \   | |     \__ \   | |    / _ \  |   /   | |   | _|  | |) |
   |_|   |___| |___/   |_|     |___/   |_|   /_/ \_\ |_|_\   |_|   |___| |___/ 

Open the SauceDemo official site directly(find-out-saucedemo-official-site;open-the-saucedemo-official-site-directly)
--------------------------------------------------------------------------------
[Test worker] INFO  - 
  _____   ___   ___   _____     ___   ___   _  _   ___    ___   _  _    ___ 
 |_   _| | __| / __| |_   _|   | _ \ | __| | \| | |   \  |_ _| | \| |  / __|
   | |   | _|  \__ \   | |     |  _/ | _|  | .` | | |) |  | |  | .` | | (_ |
   |_|   |___| |___/   |_|     |_|   |___| |_|\_| |___/  |___| |_|\_|  \___|

Open the SauceDemo official site directly
-----------------------------------------------------------------------------
]]></system-err>
</testsuite>
