<?xml version="1.0" encoding="UTF-8"?>
<testsuite name="Delete product of the shopping cart" tests="1" skipped="0" failures="1" errors="0" timestamp="2025-11-18T22:30:10" hostname="DESKTOP-HE8JUG3" time="35.499">
  <properties/>
  <testcase name="Delete a product of the shopping cart successfully" classname="Delete product of the shopping cart" time="35.499">
    <failure message="net.thucydides.core.webdriver.exceptions.ElementShouldBePresentException: Expected condition failed: waiting for By.id: remove-sauce-labs-bike-light to be present (tried for 5 second(s) with 100 milliseconds interval)&#10;Build info: version: '4.16.1', revision: '9b4c83354e'&#10;System info: os.name: 'Windows 11', os.arch: 'amd64', os.version: '10.0', java.version: '17.0.14'&#10;Driver info: driver.version: unknown" type="net.thucydides.core.webdriver.exceptions.ElementShouldBePresentException">net.thucydides.core.webdriver.exceptions.ElementShouldBePresentException: Expected condition failed: waiting for By.id: remove-sauce-labs-bike-light to be present (tried for 5 second(s) with 100 milliseconds interval)
Build info: version: '4.16.1', revision: '9b4c83354e'
System info: os.name: 'Windows 11', os.arch: 'amd64', os.version: '10.0', java.version: '17.0.14'
Driver info: driver.version: unknown
	at app//net.serenitybdd.core.pages.WebElementFacadeImpl.throwShouldBePresentErrorWithCauseIfPresent(WebElementFacadeImpl.java:1039)
	at app//net.serenitybdd.core.pages.WebElementFacadeImpl.waitUntilPresent(WebElementFacadeImpl.java:1012)
	at app//net.serenitybdd.core.pages.WebElementFacadeImpl.waitUntilElementPresent(WebElementFacadeImpl.java:915)
	at app//net.serenitybdd.core.pages.WebElementFacadeImpl.click(WebElementFacadeImpl.java:1214)
	at app//net.serenitybdd.screenplay.actions.ClickOnTarget.performAs(ClickOnTarget.java:13)
	at app//net.serenitybdd.screenplay.actions.ClickOnTarget$ByteBuddy$6OePi78I.performAs$accessor$wNE48uSe(Unknown Source)
	at java.base@17.0.14/jdk.internal.reflect.NativeMethodAccessorImpl.invoke0(Native Method)
	at java.base@17.0.14/jdk.internal.reflect.NativeMethodAccessorImpl.invoke(NativeMethodAccessorImpl.java:77)
	at java.base@17.0.14/jdk.internal.reflect.DelegatingMethodAccessorImpl.invoke(DelegatingMethodAccessorImpl.java:43)
	at java.base@17.0.14/java.lang.reflect.Method.invoke(Method.java:568)
	at app//net.thucydides.core.steps.StepInterceptor.invokeMethod(StepInterceptor.java:524)
	at app//net.thucydides.core.steps.StepInterceptor.executeTestStepMethod(StepInterceptor.java:504)
	at app//net.thucydides.core.steps.StepInterceptor.runTestStep(StepInterceptor.java:476)
	at app//net.thucydides.core.steps.StepInterceptor.runOrSkipMethod(StepInterceptor.java:218)
	at app//net.thucydides.core.steps.StepInterceptor.testStepResult(StepInterceptor.java:205)
	at app//net.thucydides.core.steps.StepInterceptor.intercept(StepInterceptor.java:93)
	at app//net.thucydides.core.steps.ProxyConfiguration$InterceptorDispatcher.intercept(ProxyConfiguration.java:51)
	at app//net.serenitybdd.screenplay.actions.ClickOnTarget$ByteBuddy$6OePi78I.performAs(Unknown Source)
	at app//net.serenitybdd.screenplay.Actor.performTask(Actor.java:299)
	at app//net.serenitybdd.screenplay.Actor.perform(Actor.java:274)
	at app//net.serenitybdd.screenplay.Actor.attemptsTo(Actor.java:215)
	at app//net.serenitybdd.screenplay.Actor.attemptsTo(Actor.java:222)
	at app//com.saucedemo.certificacion.compra.interactions.ClickDelete.performAs(ClickDelete.java:13)
	at app//com.saucedemo.certificacion.compra.interactions.ClickDelete$ByteBuddy$ZtjgOw19.performAs$accessor$ponjrfNg(Unknown Source)
	at java.base@17.0.14/jdk.internal.reflect.NativeMethodAccessorImpl.invoke0(Native Method)
	at java.base@17.0.14/jdk.internal.reflect.NativeMethodAccessorImpl.invoke(NativeMethodAccessorImpl.java:77)
	at java.base@17.0.14/jdk.internal.reflect.DelegatingMethodAccessorImpl.invoke(DelegatingMethodAccessorImpl.java:43)
	at java.base@17.0.14/java.lang.reflect.Method.invoke(Method.java:568)
	at app//net.thucydides.core.steps.StepInterceptor.invokeMethod(StepInterceptor.java:524)
	at app//net.thucydides.core.steps.StepInterceptor.executeTestStepMethod(StepInterceptor.java:504)
	at app//net.thucydides.core.steps.StepInterceptor.runTestStep(StepInterceptor.java:476)
	at app//net.thucydides.core.steps.StepInterceptor.runOrSkipMethod(StepInterceptor.java:218)
	at app//net.thucydides.core.steps.StepInterceptor.testStepResult(StepInterceptor.java:205)
	at app//net.thucydides.core.steps.StepInterceptor.intercept(StepInterceptor.java:93)
	at app//net.thucydides.core.steps.ProxyConfiguration$InterceptorDispatcher.intercept(ProxyConfiguration.java:51)
	at app//com.saucedemo.certificacion.compra.interactions.ClickDelete$ByteBuddy$ZtjgOw19.performAs(Unknown Source)
	at app//net.serenitybdd.screenplay.Actor.performTask(Actor.java:299)
	at app//net.serenitybdd.screenplay.Actor.perform(Actor.java:274)
	at app//net.serenitybdd.screenplay.Actor.attemptsTo(Actor.java:215)
	at app//net.serenitybdd.screenplay.Actor.attemptsTo(Actor.java:222)
	at app//com.saucedemo.certificacion.compra.tasks.Remove.performAs(Remove.java:11)
	at app//com.saucedemo.certificacion.compra.tasks.Remove$ByteBuddy$FEasqQzH.performAs$accessor$QUKHKKXX(Unknown Source)
	at java.base@17.0.14/jdk.internal.reflect.NativeMethodAccessorImpl.invoke0(Native Method)
	at java.base@17.0.14/jdk.internal.reflect.NativeMethodAccessorImpl.invoke(NativeMethodAccessorImpl.java:77)
	at java.base@17.0.14/jdk.internal.reflect.DelegatingMethodAccessorImpl.invoke(DelegatingMethodAccessorImpl.java:43)
	at java.base@17.0.14/java.lang.reflect.Method.invoke(Method.java:568)
	at app//net.thucydides.core.steps.StepInterceptor.invokeMethod(StepInterceptor.java:524)
	at app//net.thucydides.core.steps.StepInterceptor.executeTestStepMethod(StepInterceptor.java:504)
	at app//net.thucydides.core.steps.StepInterceptor.runTestStep(StepInterceptor.java:476)
	at app//net.thucydides.core.steps.StepInterceptor.runOrSkipMethod(StepInterceptor.java:218)
	at app//net.thucydides.core.steps.StepInterceptor.testStepResult(StepInterceptor.java:205)
	at app//net.thucydides.core.steps.StepInterceptor.intercept(StepInterceptor.java:93)
	at app//net.thucydides.core.steps.ProxyConfiguration$InterceptorDispatcher.intercept(ProxyConfiguration.java:51)
	at app//com.saucedemo.certificacion.compra.tasks.Remove$ByteBuddy$FEasqQzH.performAs(Unknown Source)
	at app//net.serenitybdd.screenplay.Actor.performTask(Actor.java:299)
	at app//net.serenitybdd.screenplay.Actor.perform(Actor.java:274)
	at app//net.serenitybdd.screenplay.Actor.attemptsTo(Actor.java:215)
	at app//net.serenitybdd.screenplay.Actor.attemptsTo(Actor.java:222)
	at app//com.saucedemo.certificacion.compra.stepdefinitions.DeleteProductStepDefinition.theUserDeletesFromTheShoppingCart(DeleteProductStepDefinition.java:48)
	at ✽.the user deletes &quot;Sauce Labs Backpack&quot; from the shopping cart(file:///C:/Users/Usuario/Desktop/TallerScreenplay/src/test/resources/features/delete_product_of_shopping_cart.feature:12)
Caused by: org.openqa.selenium.TimeoutException: Expected condition failed: waiting for By.id: remove-sauce-labs-bike-light to be present (tried for 5 second(s) with 100 milliseconds interval)
Build info: version: '4.16.1', revision: '9b4c83354e'
System info: os.name: 'Windows 11', os.arch: 'amd64', os.version: '10.0', java.version: '17.0.14'
Driver info: driver.version: unknown
	at app//org.openqa.selenium.support.ui.FluentWait.timeoutException(FluentWait.java:261)
	at app//org.openqa.selenium.support.ui.FluentWait.until(FluentWait.java:229)
	at app//net.serenitybdd.core.pages.WebElementFacadeImpl.waitUntilPresent(WebElementFacadeImpl.java:1009)
	at app//net.serenitybdd.core.pages.WebElementFacadeImpl.waitUntilElementPresent(WebElementFacadeImpl.java:915)
	at app//net.serenitybdd.core.pages.WebElementFacadeImpl.click(WebElementFacadeImpl.java:1214)
	at app//net.serenitybdd.screenplay.actions.ClickOnTarget.performAs(ClickOnTarget.java:13)
	at app//net.serenitybdd.screenplay.actions.ClickOnTarget$ByteBuddy$6OePi78I.performAs$accessor$wNE48uSe(Unknown Source)
	at java.base@17.0.14/jdk.internal.reflect.NativeMethodAccessorImpl.invoke0(Native Method)
	at java.base@17.0.14/jdk.internal.reflect.NativeMethodAccessorImpl.invoke(NativeMethodAccessorImpl.java:77)
	at java.base@17.0.14/jdk.internal.reflect.DelegatingMethodAccessorImpl.invoke(DelegatingMethodAccessorImpl.java:43)
	at java.base@17.0.14/java.lang.reflect.Method.invoke(Method.java:568)
	at app//net.thucydides.core.steps.StepInterceptor.invokeMethod(StepInterceptor.java:524)
	at app//net.thucydides.core.steps.StepInterceptor.executeTestStepMethod(StepInterceptor.java:504)
	at app//net.thucydides.core.steps.StepInterceptor.runTestStep(StepInterceptor.java:476)
	at app//net.thucydides.core.steps.StepInterceptor.runOrSkipMethod(StepInterceptor.java:218)
	at app//net.thucydides.core.steps.StepInterceptor.testStepResult(StepInterceptor.java:205)
	at app//net.thucydides.core.steps.StepInterceptor.intercept(StepInterceptor.java:93)
	at app//net.thucydides.core.steps.ProxyConfiguration$InterceptorDispatcher.intercept(ProxyConfiguration.java:51)
	at app//net.serenitybdd.screenplay.actions.ClickOnTarget$ByteBuddy$6OePi78I.performAs(Unknown Source)
	at app//net.serenitybdd.screenplay.Actor.performTask(Actor.java:299)
	at app//net.serenitybdd.screenplay.Actor.perform(Actor.java:274)
	at app//net.serenitybdd.screenplay.Actor.attemptsTo(Actor.java:215)
	at app//net.serenitybdd.screenplay.Actor.attemptsTo(Actor.java:222)
	at app//com.saucedemo.certificacion.compra.interactions.ClickDelete.performAs(ClickDelete.java:13)
	at app//com.saucedemo.certificacion.compra.interactions.ClickDelete$ByteBuddy$ZtjgOw19.performAs$accessor$ponjrfNg(Unknown Source)
	at java.base@17.0.14/jdk.internal.reflect.NativeMethodAccessorImpl.invoke0(Native Method)
	at java.base@17.0.14/jdk.internal.reflect.NativeMethodAccessorImpl.invoke(NativeMethodAccessorImpl.java:77)
	at java.base@17.0.14/jdk.internal.reflect.DelegatingMethodAccessorImpl.invoke(DelegatingMethodAccessorImpl.java:43)
	at java.base@17.0.14/java.lang.reflect.Method.invoke(Method.java:568)
	at app//net.thucydides.core.steps.StepInterceptor.invokeMethod(StepInterceptor.java:524)
	at app//net.thucydides.core.steps.StepInterceptor.executeTestStepMethod(StepInterceptor.java:504)
	at app//net.thucydides.core.steps.StepInterceptor.runTestStep(StepInterceptor.java:476)
	at app//net.thucydides.core.steps.StepInterceptor.runOrSkipMethod(StepInterceptor.java:218)
	at app//net.thucydides.core.steps.StepInterceptor.testStepResult(StepInterceptor.java:205)
	at app//net.thucydides.core.steps.StepInterceptor.intercept(StepInterceptor.java:93)
	at app//net.thucydides.core.steps.ProxyConfiguration$InterceptorDispatcher.intercept(ProxyConfiguration.java:51)
	at app//com.saucedemo.certificacion.compra.interactions.ClickDelete$ByteBuddy$ZtjgOw19.performAs(Unknown Source)
	at app//net.serenitybdd.screenplay.Actor.performTask(Actor.java:299)
	at app//net.serenitybdd.screenplay.Actor.perform(Actor.java:274)
	at app//net.serenitybdd.screenplay.Actor.attemptsTo(Actor.java:215)
	at app//net.serenitybdd.screenplay.Actor.attemptsTo(Actor.java:222)
	at app//com.saucedemo.certificacion.compra.tasks.Remove.performAs(Remove.java:11)
	at app//com.saucedemo.certificacion.compra.tasks.Remove$ByteBuddy$FEasqQzH.performAs$accessor$QUKHKKXX(Unknown Source)
	at java.base@17.0.14/jdk.internal.reflect.NativeMethodAccessorImpl.invoke0(Native Method)
	at java.base@17.0.14/jdk.internal.reflect.NativeMethodAccessorImpl.invoke(NativeMethodAccessorImpl.java:77)
	at java.base@17.0.14/jdk.internal.reflect.DelegatingMethodAccessorImpl.invoke(DelegatingMethodAccessorImpl.java:43)
	at java.base@17.0.14/java.lang.reflect.Method.invoke(Method.java:568)
	at app//net.thucydides.core.steps.StepInterceptor.invokeMethod(StepInterceptor.java:524)
	at app//net.thucydides.core.steps.StepInterceptor.executeTestStepMethod(StepInterceptor.java:504)
	at app//net.thucydides.core.steps.StepInterceptor.runTestStep(StepInterceptor.java:476)
	at app//net.thucydides.core.steps.StepInterceptor.runOrSkipMethod(StepInterceptor.java:218)
	at app//net.thucydides.core.steps.StepInterceptor.testStepResult(StepInterceptor.java:205)
	at app//net.thucydides.core.steps.StepInterceptor.intercept(StepInterceptor.java:93)
	at app//net.thucydides.core.steps.ProxyConfiguration$InterceptorDispatcher.intercept(ProxyConfiguration.java:51)
	at app//com.saucedemo.certificacion.compra.tasks.Remove$ByteBuddy$FEasqQzH.performAs(Unknown Source)
	at app//net.serenitybdd.screenplay.Actor.performTask(Actor.java:299)
	at app//net.serenitybdd.screenplay.Actor.perform(Actor.java:274)
	at app//net.serenitybdd.screenplay.Actor.attemptsTo(Actor.java:215)
	at app//net.serenitybdd.screenplay.Actor.attemptsTo(Actor.java:222)
	at app//com.saucedemo.certificacion.compra.stepdefinitions.DeleteProductStepDefinition.theUserDeletesFromTheShoppingCart(DeleteProductStepDefinition.java:48)
	at java.base@17.0.14/jdk.internal.reflect.NativeMethodAccessorImpl.invoke0(Native Method)
	at java.base@17.0.14/jdk.internal.reflect.NativeMethodAccessorImpl.invoke(NativeMethodAccessorImpl.java:77)
	at java.base@17.0.14/jdk.internal.reflect.DelegatingMethodAccessorImpl.invoke(DelegatingMethodAccessorImpl.java:43)
	at java.base@17.0.14/java.lang.reflect.Method.invoke(Method.java:568)
	at app//io.cucumber.java.Invoker.doInvoke(Invoker.java:66)
	at app//io.cucumber.java.Invoker.invoke(Invoker.java:24)
	at app//io.cucumber.java.AbstractGlueDefinition.invokeMethod(AbstractGlueDefinition.java:47)
	at app//io.cucumber.java.JavaStepDefinition.execute(JavaStepDefinition.java:29)
	at app//io.cucumber.core.runner.CoreStepDefinition.execute(CoreStepDefinition.java:66)
	at app//io.cucumber.core.runner.PickleStepDefinitionMatch.runStep(PickleStepDefinitionMatch.java:63)
	at app//io.cucumber.core.runner.ExecutionMode$1.execute(ExecutionMode.java:10)
	at app//io.cucumber.core.runner.TestStep.executeStep(TestStep.java:84)
	at app//io.cucumber.core.runner.TestStep.run(TestStep.java:56)
	at app//io.cucumber.core.runner.PickleStepTestStep.run(PickleStepTestStep.java:51)
	at app//io.cucumber.core.runner.TestCase.run(TestCase.java:84)
	at app//io.cucumber.core.runner.Runner.runPickle(Runner.java:75)
	at app//io.cucumber.junit.PickleRunners$NoStepDescriptions.lambda$run$0(PickleRunners.java:151)
	at app//io.cucumber.core.runtime.CucumberExecutionContext.lambda$runTestCase$5(CucumberExecutionContext.java:137)
	at app//io.cucumber.core.runtime.RethrowingThrowableCollector.executeAndThrow(RethrowingThrowableCollector.java:23)
	at app//io.cucumber.core.runtime.CucumberExecutionContext.runTestCase(CucumberExecutionContext.java:137)
	at app//io.cucumber.junit.PickleRunners$NoStepDescriptions.run(PickleRunners.java:148)
	at app//io.cucumber.junit.FeatureRunner.runChild(FeatureRunner.java:144)
	at app//io.cucumber.junit.FeatureRunner.runChild(FeatureRunner.java:28)
	at app//org.junit.runners.ParentRunner$4.run(ParentRunner.java:331)
	at app//org.junit.runners.ParentRunner$1.schedule(ParentRunner.java:79)
	at app//org.junit.runners.ParentRunner.runChildren(ParentRunner.java:329)
	at app//org.junit.runners.ParentRunner.access$100(ParentRunner.java:66)
	at app//org.junit.runners.ParentRunner$2.evaluate(ParentRunner.java:293)
	at app//org.junit.runners.ParentRunner$3.evaluate(ParentRunner.java:306)
	at app//org.junit.runners.ParentRunner.run(ParentRunner.java:413)
	at app//io.cucumber.junit.FeatureRunner.run(FeatureRunner.java:137)
	at app//io.cucumber.junit.CucumberSerenityBaseRunner.runChild(CucumberSerenityBaseRunner.java:332)
	at app//io.cucumber.junit.CucumberSerenityBaseRunner.runChild(CucumberSerenityBaseRunner.java:53)
	at app//org.junit.runners.ParentRunner$4.run(ParentRunner.java:331)
	at app//org.junit.runners.ParentRunner$1.schedule(ParentRunner.java:79)
	at app//org.junit.runners.ParentRunner.runChildren(ParentRunner.java:329)
	at app//org.junit.runners.ParentRunner.access$100(ParentRunner.java:66)
	at app//org.junit.runners.ParentRunner$2.evaluate(ParentRunner.java:293)
	at app//io.cucumber.junit.CucumberSerenityBaseRunner$RunCucumber.evaluate(CucumberSerenityBaseRunner.java:363)
	at app//org.junit.runners.ParentRunner$3.evaluate(ParentRunner.java:306)
	at app//org.junit.runners.ParentRunner.run(ParentRunner.java:413)
	at org.gradle.api.internal.tasks.testing.junit.JUnitTestClassExecutor.runTestClass(JUnitTestClassExecutor.java:112)
	at org.gradle.api.internal.tasks.testing.junit.JUnitTestClassExecutor.execute(JUnitTestClassExecutor.java:58)
	at org.gradle.api.internal.tasks.testing.junit.JUnitTestClassExecutor.execute(JUnitTestClassExecutor.java:40)
	at org.gradle.api.internal.tasks.testing.junit.AbstractJUnitTestClassProcessor.processTestClass(AbstractJUnitTestClassProcessor.java:60)
	at org.gradle.api.internal.tasks.testing.SuiteTestClassProcessor.processTestClass(SuiteTestClassProcessor.java:52)
	at java.base@17.0.14/jdk.internal.reflect.NativeMethodAccessorImpl.invoke0(Native Method)
	at java.base@17.0.14/jdk.internal.reflect.NativeMethodAccessorImpl.invoke(NativeMethodAccessorImpl.java:77)
	at java.base@17.0.14/jdk.internal.reflect.DelegatingMethodAccessorImpl.invoke(DelegatingMethodAccessorImpl.java:43)
	at java.base@17.0.14/java.lang.reflect.Method.invoke(Method.java:568)
	at org.gradle.internal.dispatch.ReflectionDispatch.dispatch(ReflectionDispatch.java:36)
	at org.gradle.internal.dispatch.ReflectionDispatch.dispatch(ReflectionDispatch.java:24)
	at org.gradle.internal.dispatch.ContextClassLoaderDispatch.dispatch(ContextClassLoaderDispatch.java:33)
	at org.gradle.internal.dispatch.ProxyDispatchAdapter$DispatchingInvocationHandler.invoke(ProxyDispatchAdapter.java:94)
	at jdk.proxy1/jdk.proxy1.$Proxy2.processTestClass(Unknown Source)
	at org.gradle.api.internal.tasks.testing.worker.TestWorker$2.run(TestWorker.java:176)
	at org.gradle.api.internal.tasks.testing.worker.TestWorker.executeAndMaintainThreadName(TestWorker.java:129)
	at org.gradle.api.internal.tasks.testing.worker.TestWorker.execute(TestWorker.java:100)
	at org.gradle.api.internal.tasks.testing.worker.TestWorker.execute(TestWorker.java:60)
	at org.gradle.process.internal.worker.child.ActionExecutionWorker.execute(ActionExecutionWorker.java:56)
	at org.gradle.process.internal.worker.child.SystemApplicationClassLoaderWorker.call(SystemApplicationClassLoaderWorker.java:113)
	at org.gradle.process.internal.worker.child.SystemApplicationClassLoaderWorker.call(SystemApplicationClassLoaderWorker.java:65)
	at app//worker.org.gradle.process.internal.worker.GradleWorkerMain.run(GradleWorkerMain.java:69)
	at app//worker.org.gradle.process.internal.worker.GradleWorkerMain.main(GradleWorkerMain.java:74)
</failure>
  </testcase>
  <system-out><![CDATA[]]></system-out>
  <system-err><![CDATA[[Test worker] INFO  - 
  _____   ___   ___   _____     ___   _____     _     ___   _____   ___   ___  
 |_   _| | __| / __| |_   _|   / __| |_   _|   /_\   | _ \ |_   _| | __| |   \ 
   | |   | _|  \__ \   | |     \__ \   | |    / _ \  |   /   | |   | _|  | |) |
   |_|   |___| |___/   |_|     |___/   |_|   /_/ \_\ |_|_\   |_|   |___| |___/ 

Delete a product of the shopping cart successfully(delete-product-of-the-shopping-cart;delete-a-product-of-the-shopping-cart-successfully)
--------------------------------------------------------------------------------
[Test worker] INFO net.serenitybdd.core.webdriver.driverproviders.ChromeDriverProvider - Starting Chrome driver instance with capabilities:
[Test worker] INFO net.serenitybdd.core.webdriver.driverproviders.ChromeDriverProvider - Capabilities {acceptInsecureCerts: false, browserName: chrome, goog:chromeOptions: {args: [remote-allow-origins=*, --start-maximized], extensions: []}}
nov. 18, 2025 5:30:16 P. M. org.openqa.selenium.devtools.CdpVersionFinder findNearestMatch
WARNING: Unable to find CDP implementation matching 142
nov. 18, 2025 5:30:16 P. M. org.openqa.selenium.chromium.ChromiumDriver lambda$new$5
WARNING: Unable to find version of CDP to use for 142.0.7444.164. You may need to include a dependency on a specific version of the CDP using something similar to `org.seleniumhq.selenium:selenium-devtools-v86:4.16.1` where the version ("v86") matches the version of the chromium-based browser you're using and the version number of the artifact is the same as Selenium's.
[Test worker] ERROR  - 
  _____   ___   ___   _____     ___     _     ___   _      ___   ___  
 |_   _| | __| / __| |_   _|   | __|   /_\   |_ _| | |    | __| |   \ 
   | |   | _|  \__ \   | |     | _|   / _ \   | |  | |__  | _|  | |) |
   |_|   |___| |___/   |_|     |_|   /_/ \_\ |___| |____| |___| |___/ 

Delete a product of the shopping cart successfully
-----------------------------------------------------------------------
[Test worker] ERROR  -     Test failed at step: user clicks on remove Sauce Labs Bike Light button
[Test worker] ERROR  -     Expected condition failed: waiting for By.id: remove-sauce-labs-bike-light to be present (tried for 5 second(s) with 100 milliseconds interval)Build info: version: '4.16.1', revision: '9b4c83354e'System info: os.name: 'Windows 11', os.arch: 'amd64', os.version: '10.0', java.version: '17.0.14'Driver info: driver.version: unknown
]]></system-err>
</testsuite>
