<?xml version="1.0" encoding="UTF-8"?>
<testsuite name="com.saucedemo.certificacion.compra.runners.DeleteProductRunner" tests="0" skipped="0" failures="0" errors="0" timestamp="1970-01-01T00:00:00Z" hostname="DESKTOP-HE8JUG3" time="0.0">
  <properties/>
  <system-out><![CDATA[]]></system-out>
  <system-err><![CDATA[[Test worker] INFO  - Test Suite Started: Delete product from the shopping cart
[Test worker] INFO  - Test Suite Started: Delete product from the shopping cart
]]></system-err>
</testsuite>
