<?xml version="1.0" encoding="UTF-8"?>
<testsuite name="Find out SauceDemo official site" tests="1" skipped="0" failures="1" errors="0" timestamp="2025-11-16T06:28:05" hostname="DESKTOP-HE8JUG3" time="41.314">
  <properties/>
  <testcase name="Successful login with valid credentials" classname="Find out SauceDemo official site" time="41.314">
    <failure message="io.cucumber.java.PendingException: TODO: implement me" type="io.cucumber.java.PendingException">io.cucumber.java.PendingException: TODO: implement me
	at app//com.saucedemo.certificacion.compra.stepdefinitions.StepDefinition.theUserShouldSeeTheProductsInventory(StepDefinition.java:43)
	at ✽.the user should see the products inventory(file:///C:/Users/Usuario/Desktop/TallerScreenplay/src/test/resources/features/login_saucedemo_official_site.feature:10)
</failure>
  </testcase>
  <system-out><![CDATA[]]></system-out>
  <system-err><![CDATA[[Test worker] INFO  - 
  _____   ___   ___   _____     ___   _____     _     ___   _____   ___   ___  
 |_   _| | __| / __| |_   _|   / __| |_   _|   /_\   | _ \ |_   _| | __| |   \ 
   | |   | _|  \__ \   | |     \__ \   | |    / _ \  |   /   | |   | _|  | |) |
   |_|   |___| |___/   |_|     |___/   |_|   /_/ \_\ |_|_\   |_|   |___| |___/ 

Successful login with valid credentials(find-out-saucedemo-official-site;successful-login-with-valid-credentials)
--------------------------------------------------------------------------------
[Test worker] INFO net.serenitybdd.core.webdriver.driverproviders.ChromeDriverProvider - Starting Chrome driver instance with capabilities:
[Test worker] INFO net.serenitybdd.core.webdriver.driverproviders.ChromeDriverProvider - Capabilities {acceptInsecureCerts: false, browserName: chrome, goog:chromeOptions: {args: [remote-allow-origins=*, --start-maximized], extensions: []}}
nov. 16, 2025 1:28:18 A. M. org.openqa.selenium.devtools.CdpVersionFinder findNearestMatch
WARNING: Unable to find CDP implementation matching 142
nov. 16, 2025 1:28:18 A. M. org.openqa.selenium.chromium.ChromiumDriver lambda$new$5
WARNING: Unable to find version of CDP to use for 142.0.7444.163. You may need to include a dependency on a specific version of the CDP using something similar to `org.seleniumhq.selenium:selenium-devtools-v86:4.16.1` where the version ("v86") matches the version of the chromium-based browser you're using and the version number of the artifact is the same as Selenium's.
[Test worker] INFO  - 
  _____   ___   ___   _____     ___   ___   _  _   ___    ___   _  _    ___ 
 |_   _| | __| / __| |_   _|   | _ \ | __| | \| | |   \  |_ _| | \| |  / __|
   | |   | _|  \__ \   | |     |  _/ | _|  | .` | | |) |  | |  | .` | | (_ |
   |_|   |___| |___/   |_|     |_|   |___| |_|\_| |___/  |___| |_|\_|  \___|

Successful login with valid credentials
-----------------------------------------------------------------------------
]]></system-err>
</testsuite>
