<?xml version="1.0" encoding="UTF-8" standalone="no"?><testsuite errors="1" failures="0" name="Add product to shopping cart" skipped="0" tests="1" time="1.55" timestamp="2025-11-16 02:48:41"><testcase name="Add a product to the shopping cart successfully"><error message="The actor user does not have the ability to browse the web" type="net.serenitybdd.screenplay.exceptions.ActorCannotBrowseTheWebException">The actor user does not have the ability to browse the web</error><system-err>The actor user does not have the ability to browse the web&#13;
com.saucedemo.certificacion.compra.tasks.OpenThe.performAs(OpenThe.java:19)&#13;
com.saucedemo.certificacion.compra.stepdefinitions.ShoppingCartStepDefinition.theUserAreOnTheProductPage(ShoppingCartStepDefinition.java:34)&#13;
worker.org.gradle.process.internal.worker.GradleWorkerMain.run(GradleWorkerMain.java:69)&#13;
worker.org.gradle.process.internal.worker.GradleWorkerMain.main(GradleWorkerMain.java:74)&#13;
</system-err></testcase></testsuite>