<?xml version="1.0" encoding="UTF-8" standalone="no"?><testsuite errors="1" failures="0" name="Find out SauceDemo official site" skipped="0" tests="1" time="0.27" timestamp="2025-11-16 01:23:19"><testcase name="Successful login with valid credentials"><error type="java.lang.reflect.InvocationTargetException"/><system-err>null&#13;
worker.org.gradle.process.internal.worker.GradleWorkerMain.run(GradleWorkerMain.java:69)&#13;
worker.org.gradle.process.internal.worker.GradleWorkerMain.main(GradleWorkerMain.java:74)&#13;
</system-err></testcase></testsuite>